=== compileall ===
compileall_exit=0
=== pytest static contracts ===
........................................................................ [ 66%]
.....................................                                    [100%]
=============================== warnings summary ===============================
.venv/lib/python3.12/site-packages/fastapi/testclient.py:1
  /home/lison/Desktop/zhaoping/.venv/lib/python3.12/site-packages/fastapi/testclient.py:1: StarletteDeprecationWarning: Using `httpx` with `starlette.testclient` is deprecated; install `httpx2` instead.
    from starlette.testclient import TestClient as TestClient  # noqa

-- Docs: https://docs.pytest.org/en/stable/how-to/capture-warnings.html
109 passed, 1 warning in 1.39s
exit=0
=== pytest json workflow ===
....................E..E...E.E...EEEEE                                   [100%]
==================================== ERRORS ====================================
_ ERROR at setup of test_workflow_artifact_output_storage_keeps_large_payload_out_of_context _

monkeypatch = <_pytest.monkeypatch.MonkeyPatch object at 0x70667254b200>
tmp_path = PosixPath('/tmp/pytest-of-lison/pytest-250/test_workflow_artifact_output_0')

    @pytest.fixture
    def isolated_task_store(monkeypatch: pytest.MonkeyPatch, tmp_path: Path):
        monkeypatch.setenv("TASK_DATABASE_URL", f"sqlite:///{tmp_path / 'tasks.sqlite3'}")
        monkeypatch.setenv("WORKFLOW_ARTIFACT_DIR", str(tmp_path / "workflow_artifacts"))
>       store = orchestrator.DBTaskStore()
                ^^^^^^^^^^^^^^^^^^^^^^^^^^

tests/test_json_workflow_engine.py:202: 
_ _ _ _ _ _ _ _ _ _ _ _ _ _ _ _ _ _ _ _ _ _ _ _ _ _ _ _ _ _ _ _ _ _ _ _ _ _ _ _ 
app/core/orchestrator.py:2323: in __init__
    self._session_factory = make_task_session_factory()
                            ^^^^^^^^^^^^^^^^^^^^^^^^^^^
app/db/task_models.py:131: in make_task_session_factory
    engine = make_task_engine(database_url)
             ^^^^^^^^^^^^^^^^^^^^^^^^^^^^^^
app/db/task_models.py:95: in make_task_engine
    _guard_sqlite_in_production(url, "task")
_ _ _ _ _ _ _ _ _ _ _ _ _ _ _ _ _ _ _ _ _ _ _ _ _ _ _ _ _ _ _ _ _ _ _ _ _ _ _ _ 

url = 'sqlite:////tmp/pytest-of-lison/pytest-250/test_workflow_artifact_output_0/tasks.sqlite3'
purpose = 'task'

    def _guard_sqlite_in_production(url: str, purpose: str) -> None:
        app_env = str(os.environ.get("APP_ENV") or os.environ.get("ENV") or os.environ.get("ZHAOPING_ENV") or "").lower()
        if app_env in {"production", "prod"} and url.startswith("sqlite") and os.environ.get("ALLOW_SQLITE_IN_PRODUCTION") != "1":
>           raise RuntimeError(
                f"SQLite is not allowed for {purpose} database in production. "
                "Set PROJECT_DATABASE_URL/TASK_DATABASE_URL to a PostgreSQL URL."
            )
E           RuntimeError: SQLite is not allowed for task database in production. Set PROJECT_DATABASE_URL/TASK_DATABASE_URL to a PostgreSQL URL.

app/db/task_models.py:111: RuntimeError
_ ERROR at setup of test_legacy_scenario_human_gate_releases_runner_and_confirm_resumes _

monkeypatch = <_pytest.monkeypatch.MonkeyPatch object at 0x7066725ce5a0>
tmp_path = PosixPath('/tmp/pytest-of-lison/pytest-250/test_legacy_scenario_human_gat0')

    @pytest.fixture
    def isolated_task_store(monkeypatch: pytest.MonkeyPatch, tmp_path: Path):
        monkeypatch.setenv("TASK_DATABASE_URL", f"sqlite:///{tmp_path / 'tasks.sqlite3'}")
        monkeypatch.setenv("WORKFLOW_ARTIFACT_DIR", str(tmp_path / "workflow_artifacts"))
>       store = orchestrator.DBTaskStore()
                ^^^^^^^^^^^^^^^^^^^^^^^^^^

tests/test_json_workflow_engine.py:202: 
_ _ _ _ _ _ _ _ _ _ _ _ _ _ _ _ _ _ _ _ _ _ _ _ _ _ _ _ _ _ _ _ _ _ _ _ _ _ _ _ 
app/core/orchestrator.py:2323: in __init__
    self._session_factory = make_task_session_factory()
                            ^^^^^^^^^^^^^^^^^^^^^^^^^^^
app/db/task_models.py:131: in make_task_session_factory
    engine = make_task_engine(database_url)
             ^^^^^^^^^^^^^^^^^^^^^^^^^^^^^^
app/db/task_models.py:95: in make_task_engine
    _guard_sqlite_in_production(url, "task")
_ _ _ _ _ _ _ _ _ _ _ _ _ _ _ _ _ _ _ _ _ _ _ _ _ _ _ _ _ _ _ _ _ _ _ _ _ _ _ _ 

url = 'sqlite:////tmp/pytest-of-lison/pytest-250/test_legacy_scenario_human_gat0/tasks.sqlite3'
purpose = 'task'

    def _guard_sqlite_in_production(url: str, purpose: str) -> None:
        app_env = str(os.environ.get("APP_ENV") or os.environ.get("ENV") or os.environ.get("ZHAOPING_ENV") or "").lower()
        if app_env in {"production", "prod"} and url.startswith("sqlite") and os.environ.get("ALLOW_SQLITE_IN_PRODUCTION") != "1":
>           raise RuntimeError(
                f"SQLite is not allowed for {purpose} database in production. "
                "Set PROJECT_DATABASE_URL/TASK_DATABASE_URL to a PostgreSQL URL."
            )
E           RuntimeError: SQLite is not allowed for task database in production. Set PROJECT_DATABASE_URL/TASK_DATABASE_URL to a PostgreSQL URL.

app/db/task_models.py:111: RuntimeError
____________ ERROR at setup of test_workflows_run_api_creates_task _____________

monkeypatch = <_pytest.monkeypatch.MonkeyPatch object at 0x7066725cd970>
tmp_path = PosixPath('/tmp/pytest-of-lison/pytest-250/test_workflows_run_api_creates0')

    @pytest.fixture
    def isolated_task_store(monkeypatch: pytest.MonkeyPatch, tmp_path: Path):
        monkeypatch.setenv("TASK_DATABASE_URL", f"sqlite:///{tmp_path / 'tasks.sqlite3'}")
        monkeypatch.setenv("WORKFLOW_ARTIFACT_DIR", str(tmp_path / "workflow_artifacts"))
>       store = orchestrator.DBTaskStore()
                ^^^^^^^^^^^^^^^^^^^^^^^^^^

tests/test_json_workflow_engine.py:202: 
_ _ _ _ _ _ _ _ _ _ _ _ _ _ _ _ _ _ _ _ _ _ _ _ _ _ _ _ _ _ _ _ _ _ _ _ _ _ _ _ 
app/core/orchestrator.py:2323: in __init__
    self._session_factory = make_task_session_factory()
                            ^^^^^^^^^^^^^^^^^^^^^^^^^^^
app/db/task_models.py:131: in make_task_session_factory
    engine = make_task_engine(database_url)
             ^^^^^^^^^^^^^^^^^^^^^^^^^^^^^^
app/db/task_models.py:95: in make_task_engine
    _guard_sqlite_in_production(url, "task")
_ _ _ _ _ _ _ _ _ _ _ _ _ _ _ _ _ _ _ _ _ _ _ _ _ _ _ _ _ _ _ _ _ _ _ _ _ _ _ _ 

url = 'sqlite:////tmp/pytest-of-lison/pytest-250/test_workflows_run_api_creates0/tasks.sqlite3'
purpose = 'task'

    def _guard_sqlite_in_production(url: str, purpose: str) -> None:
        app_env = str(os.environ.get("APP_ENV") or os.environ.get("ENV") or os.environ.get("ZHAOPING_ENV") or "").lower()
        if app_env in {"production", "prod"} and url.startswith("sqlite") and os.environ.get("ALLOW_SQLITE_IN_PRODUCTION") != "1":
>           raise RuntimeError(
                f"SQLite is not allowed for {purpose} database in production. "
                "Set PROJECT_DATABASE_URL/TASK_DATABASE_URL to a PostgreSQL URL."
            )
E           RuntimeError: SQLite is not allowed for task database in production. Set PROJECT_DATABASE_URL/TASK_DATABASE_URL to a PostgreSQL URL.

app/db/task_models.py:111: RuntimeError
_ ERROR at setup of test_task_artifact_api_returns_registered_artifact_and_rejects_unsafe_paths _

monkeypatch = <_pytest.monkeypatch.MonkeyPatch object at 0x70667254a810>
tmp_path = PosixPath('/tmp/pytest-of-lison/pytest-250/test_task_artifact_api_returns0')

    @pytest.fixture
    def isolated_task_store(monkeypatch: pytest.MonkeyPatch, tmp_path: Path):
        monkeypatch.setenv("TASK_DATABASE_URL", f"sqlite:///{tmp_path / 'tasks.sqlite3'}")
        monkeypatch.setenv("WORKFLOW_ARTIFACT_DIR", str(tmp_path / "workflow_artifacts"))
>       store = orchestrator.DBTaskStore()
                ^^^^^^^^^^^^^^^^^^^^^^^^^^

tests/test_json_workflow_engine.py:202: 
_ _ _ _ _ _ _ _ _ _ _ _ _ _ _ _ _ _ _ _ _ _ _ _ _ _ _ _ _ _ _ _ _ _ _ _ _ _ _ _ 
app/core/orchestrator.py:2323: in __init__
    self._session_factory = make_task_session_factory()
                            ^^^^^^^^^^^^^^^^^^^^^^^^^^^
app/db/task_models.py:131: in make_task_session_factory
    engine = make_task_engine(database_url)
             ^^^^^^^^^^^^^^^^^^^^^^^^^^^^^^
app/db/task_models.py:95: in make_task_engine
    _guard_sqlite_in_production(url, "task")
_ _ _ _ _ _ _ _ _ _ _ _ _ _ _ _ _ _ _ _ _ _ _ _ _ _ _ _ _ _ _ _ _ _ _ _ _ _ _ _ 

url = 'sqlite:////tmp/pytest-of-lison/pytest-250/test_task_artifact_api_returns0/tasks.sqlite3'
purpose = 'task'

    def _guard_sqlite_in_production(url: str, purpose: str) -> None:
        app_env = str(os.environ.get("APP_ENV") or os.environ.get("ENV") or os.environ.get("ZHAOPING_ENV") or "").lower()
        if app_env in {"production", "prod"} and url.startswith("sqlite") and os.environ.get("ALLOW_SQLITE_IN_PRODUCTION") != "1":
>           raise RuntimeError(
                f"SQLite is not allowed for {purpose} database in production. "
                "Set PROJECT_DATABASE_URL/TASK_DATABASE_URL to a PostgreSQL URL."
            )
E           RuntimeError: SQLite is not allowed for task database in production. Set PROJECT_DATABASE_URL/TASK_DATABASE_URL to a PostgreSQL URL.

app/db/task_models.py:111: RuntimeError
_ ERROR at setup of test_confirm_api_returns_safe_payload_for_json_workflow_fatal_exception _

monkeypatch = <_pytest.monkeypatch.MonkeyPatch object at 0x706671d5da00>
tmp_path = PosixPath('/tmp/pytest-of-lison/pytest-250/test_confirm_api_returns_safe_0')

    @pytest.fixture
    def isolated_task_store(monkeypatch: pytest.MonkeyPatch, tmp_path: Path):
        monkeypatch.setenv("TASK_DATABASE_URL", f"sqlite:///{tmp_path / 'tasks.sqlite3'}")
        monkeypatch.setenv("WORKFLOW_ARTIFACT_DIR", str(tmp_path / "workflow_artifacts"))
>       store = orchestrator.DBTaskStore()
                ^^^^^^^^^^^^^^^^^^^^^^^^^^

tests/test_json_workflow_engine.py:202: 
_ _ _ _ _ _ _ _ _ _ _ _ _ _ _ _ _ _ _ _ _ _ _ _ _ _ _ _ _ _ _ _ _ _ _ _ _ _ _ _ 
app/core/orchestrator.py:2323: in __init__
    self._session_factory = make_task_session_factory()
                            ^^^^^^^^^^^^^^^^^^^^^^^^^^^
app/db/task_models.py:131: in make_task_session_factory
    engine = make_task_engine(database_url)
             ^^^^^^^^^^^^^^^^^^^^^^^^^^^^^^
app/db/task_models.py:95: in make_task_engine
    _guard_sqlite_in_production(url, "task")
_ _ _ _ _ _ _ _ _ _ _ _ _ _ _ _ _ _ _ _ _ _ _ _ _ _ _ _ _ _ _ _ _ _ _ _ _ _ _ _ 

url = 'sqlite:////tmp/pytest-of-lison/pytest-250/test_confirm_api_returns_safe_0/tasks.sqlite3'
purpose = 'task'

    def _guard_sqlite_in_production(url: str, purpose: str) -> None:
        app_env = str(os.environ.get("APP_ENV") or os.environ.get("ENV") or os.environ.get("ZHAOPING_ENV") or "").lower()
        if app_env in {"production", "prod"} and url.startswith("sqlite") and os.environ.get("ALLOW_SQLITE_IN_PRODUCTION") != "1":
>           raise RuntimeError(
                f"SQLite is not allowed for {purpose} database in production. "
                "Set PROJECT_DATABASE_URL/TASK_DATABASE_URL to a PostgreSQL URL."
            )
E           RuntimeError: SQLite is not allowed for task database in production. Set PROJECT_DATABASE_URL/TASK_DATABASE_URL to a PostgreSQL URL.

app/db/task_models.py:111: RuntimeError
_ ERROR at setup of test_recruiting_custom_pipeline_json_fixture_validates_runs_and_resumes _

monkeypatch = <_pytest.monkeypatch.MonkeyPatch object at 0x706671dfc1d0>
tmp_path = PosixPath('/tmp/pytest-of-lison/pytest-250/test_recruiting_custom_pipelin0')

    @pytest.fixture
    def isolated_task_store(monkeypatch: pytest.MonkeyPatch, tmp_path: Path):
        monkeypatch.setenv("TASK_DATABASE_URL", f"sqlite:///{tmp_path / 'tasks.sqlite3'}")
        monkeypatch.setenv("WORKFLOW_ARTIFACT_DIR", str(tmp_path / "workflow_artifacts"))
>       store = orchestrator.DBTaskStore()
                ^^^^^^^^^^^^^^^^^^^^^^^^^^

tests/test_json_workflow_engine.py:202: 
_ _ _ _ _ _ _ _ _ _ _ _ _ _ _ _ _ _ _ _ _ _ _ _ _ _ _ _ _ _ _ _ _ _ _ _ _ _ _ _ 
app/core/orchestrator.py:2323: in __init__
    self._session_factory = make_task_session_factory()
                            ^^^^^^^^^^^^^^^^^^^^^^^^^^^
app/db/task_models.py:131: in make_task_session_factory
    engine = make_task_engine(database_url)
             ^^^^^^^^^^^^^^^^^^^^^^^^^^^^^^
app/db/task_models.py:95: in make_task_engine
    _guard_sqlite_in_production(url, "task")
_ _ _ _ _ _ _ _ _ _ _ _ _ _ _ _ _ _ _ _ _ _ _ _ _ _ _ _ _ _ _ _ _ _ _ _ _ _ _ _ 

url = 'sqlite:////tmp/pytest-of-lison/pytest-250/test_recruiting_custom_pipelin0/tasks.sqlite3'
purpose = 'task'

    def _guard_sqlite_in_production(url: str, purpose: str) -> None:
        app_env = str(os.environ.get("APP_ENV") or os.environ.get("ENV") or os.environ.get("ZHAOPING_ENV") or "").lower()
        if app_env in {"production", "prod"} and url.startswith("sqlite") and os.environ.get("ALLOW_SQLITE_IN_PRODUCTION") != "1":
>           raise RuntimeError(
                f"SQLite is not allowed for {purpose} database in production. "
                "Set PROJECT_DATABASE_URL/TASK_DATABASE_URL to a PostgreSQL URL."
            )
E           RuntimeError: SQLite is not allowed for task database in production. Set PROJECT_DATABASE_URL/TASK_DATABASE_URL to a PostgreSQL URL.

app/db/task_models.py:111: RuntimeError
_ ERROR at setup of test_json_workflow_human_gate_survives_store_restart_and_api_confirm_resumes _

monkeypatch = <_pytest.monkeypatch.MonkeyPatch object at 0x7066719e6a20>
tmp_path = PosixPath('/tmp/pytest-of-lison/pytest-250/test_json_workflow_human_gate_0')

    @pytest.fixture
    def isolated_task_store(monkeypatch: pytest.MonkeyPatch, tmp_path: Path):
        monkeypatch.setenv("TASK_DATABASE_URL", f"sqlite:///{tmp_path / 'tasks.sqlite3'}")
        monkeypatch.setenv("WORKFLOW_ARTIFACT_DIR", str(tmp_path / "workflow_artifacts"))
>       store = orchestrator.DBTaskStore()
                ^^^^^^^^^^^^^^^^^^^^^^^^^^

tests/test_json_workflow_engine.py:202: 
_ _ _ _ _ _ _ _ _ _ _ _ _ _ _ _ _ _ _ _ _ _ _ _ _ _ _ _ _ _ _ _ _ _ _ _ _ _ _ _ 
app/core/orchestrator.py:2323: in __init__
    self._session_factory = make_task_session_factory()
                            ^^^^^^^^^^^^^^^^^^^^^^^^^^^
app/db/task_models.py:131: in make_task_session_factory
    engine = make_task_engine(database_url)
             ^^^^^^^^^^^^^^^^^^^^^^^^^^^^^^
app/db/task_models.py:95: in make_task_engine
    _guard_sqlite_in_production(url, "task")
_ _ _ _ _ _ _ _ _ _ _ _ _ _ _ _ _ _ _ _ _ _ _ _ _ _ _ _ _ _ _ _ _ _ _ _ _ _ _ _ 

url = 'sqlite:////tmp/pytest-of-lison/pytest-250/test_json_workflow_human_gate_0/tasks.sqlite3'
purpose = 'task'

    def _guard_sqlite_in_production(url: str, purpose: str) -> None:
        app_env = str(os.environ.get("APP_ENV") or os.environ.get("ENV") or os.environ.get("ZHAOPING_ENV") or "").lower()
        if app_env in {"production", "prod"} and url.startswith("sqlite") and os.environ.get("ALLOW_SQLITE_IN_PRODUCTION") != "1":
>           raise RuntimeError(
                f"SQLite is not allowed for {purpose} database in production. "
                "Set PROJECT_DATABASE_URL/TASK_DATABASE_URL to a PostgreSQL URL."
            )
E           RuntimeError: SQLite is not allowed for task database in production. Set PROJECT_DATABASE_URL/TASK_DATABASE_URL to a PostgreSQL URL.

app/db/task_models.py:111: RuntimeError
_ ERROR at setup of test_resume_and_jd_structured_extract_recover_dirty_json_and_type_errors _

monkeypatch = <_pytest.monkeypatch.MonkeyPatch object at 0x7066719e5760>
tmp_path = PosixPath('/tmp/pytest-of-lison/pytest-250/test_resume_and_jd_structured_0')

    @pytest.fixture
    def isolated_task_store(monkeypatch: pytest.MonkeyPatch, tmp_path: Path):
        monkeypatch.setenv("TASK_DATABASE_URL", f"sqlite:///{tmp_path / 'tasks.sqlite3'}")
        monkeypatch.setenv("WORKFLOW_ARTIFACT_DIR", str(tmp_path / "workflow_artifacts"))
>       store = orchestrator.DBTaskStore()
                ^^^^^^^^^^^^^^^^^^^^^^^^^^

tests/test_json_workflow_engine.py:202: 
_ _ _ _ _ _ _ _ _ _ _ _ _ _ _ _ _ _ _ _ _ _ _ _ _ _ _ _ _ _ _ _ _ _ _ _ _ _ _ _ 
app/core/orchestrator.py:2323: in __init__
    self._session_factory = make_task_session_factory()
                            ^^^^^^^^^^^^^^^^^^^^^^^^^^^
app/db/task_models.py:131: in make_task_session_factory
    engine = make_task_engine(database_url)
             ^^^^^^^^^^^^^^^^^^^^^^^^^^^^^^
app/db/task_models.py:95: in make_task_engine
    _guard_sqlite_in_production(url, "task")
_ _ _ _ _ _ _ _ _ _ _ _ _ _ _ _ _ _ _ _ _ _ _ _ _ _ _ _ _ _ _ _ _ _ _ _ _ _ _ _ 

url = 'sqlite:////tmp/pytest-of-lison/pytest-250/test_resume_and_jd_structured_0/tasks.sqlite3'
purpose = 'task'

    def _guard_sqlite_in_production(url: str, purpose: str) -> None:
        app_env = str(os.environ.get("APP_ENV") or os.environ.get("ENV") or os.environ.get("ZHAOPING_ENV") or "").lower()
        if app_env in {"production", "prod"} and url.startswith("sqlite") and os.environ.get("ALLOW_SQLITE_IN_PRODUCTION") != "1":
>           raise RuntimeError(
                f"SQLite is not allowed for {purpose} database in production. "
                "Set PROJECT_DATABASE_URL/TASK_DATABASE_URL to a PostgreSQL URL."
            )
E           RuntimeError: SQLite is not allowed for task database in production. Set PROJECT_DATABASE_URL/TASK_DATABASE_URL to a PostgreSQL URL.

app/db/task_models.py:111: RuntimeError
_ ERROR at setup of test_structured_extract_exhaustion_events_and_human_gate_payload_are_sanitized _

monkeypatch = <_pytest.monkeypatch.MonkeyPatch object at 0x7066719e7c20>
tmp_path = PosixPath('/tmp/pytest-of-lison/pytest-250/test_structured_extract_exhaus0')

    @pytest.fixture
    def isolated_task_store(monkeypatch: pytest.MonkeyPatch, tmp_path: Path):
        monkeypatch.setenv("TASK_DATABASE_URL", f"sqlite:///{tmp_path / 'tasks.sqlite3'}")
        monkeypatch.setenv("WORKFLOW_ARTIFACT_DIR", str(tmp_path / "workflow_artifacts"))
>       store = orchestrator.DBTaskStore()
                ^^^^^^^^^^^^^^^^^^^^^^^^^^

tests/test_json_workflow_engine.py:202: 
_ _ _ _ _ _ _ _ _ _ _ _ _ _ _ _ _ _ _ _ _ _ _ _ _ _ _ _ _ _ _ _ _ _ _ _ _ _ _ _ 
app/core/orchestrator.py:2323: in __init__
    self._session_factory = make_task_session_factory()
                            ^^^^^^^^^^^^^^^^^^^^^^^^^^^
app/db/task_models.py:131: in make_task_session_factory
    engine = make_task_engine(database_url)
             ^^^^^^^^^^^^^^^^^^^^^^^^^^^^^^
app/db/task_models.py:95: in make_task_engine
    _guard_sqlite_in_production(url, "task")
_ _ _ _ _ _ _ _ _ _ _ _ _ _ _ _ _ _ _ _ _ _ _ _ _ _ _ _ _ _ _ _ _ _ _ _ _ _ _ _ 

url = 'sqlite:////tmp/pytest-of-lison/pytest-250/test_structured_extract_exhaus0/tasks.sqlite3'
purpose = 'task'

    def _guard_sqlite_in_production(url: str, purpose: str) -> None:
        app_env = str(os.environ.get("APP_ENV") or os.environ.get("ENV") or os.environ.get("ZHAOPING_ENV") or "").lower()
        if app_env in {"production", "prod"} and url.startswith("sqlite") and os.environ.get("ALLOW_SQLITE_IN_PRODUCTION") != "1":
>           raise RuntimeError(
                f"SQLite is not allowed for {purpose} database in production. "
                "Set PROJECT_DATABASE_URL/TASK_DATABASE_URL to a PostgreSQL URL."
            )
E           RuntimeError: SQLite is not allowed for task database in production. Set PROJECT_DATABASE_URL/TASK_DATABASE_URL to a PostgreSQL URL.

app/db/task_models.py:111: RuntimeError
=============================== warnings summary ===============================
.venv/lib/python3.12/site-packages/fastapi/testclient.py:1
  /home/lison/Desktop/zhaoping/.venv/lib/python3.12/site-packages/fastapi/testclient.py:1: StarletteDeprecationWarning: Using `httpx` with `starlette.testclient` is deprecated; install `httpx2` instead.
    from starlette.testclient import TestClient as TestClient  # noqa

-- Docs: https://docs.pytest.org/en/stable/how-to/capture-warnings.html
=========================== short test summary info ============================
ERROR tests/test_json_workflow_engine.py::test_workflow_artifact_output_storage_keeps_large_payload_out_of_context
ERROR tests/test_json_workflow_engine.py::test_legacy_scenario_human_gate_releases_runner_and_confirm_resumes
ERROR tests/test_json_workflow_engine.py::test_workflows_run_api_creates_task
ERROR tests/test_json_workflow_engine.py::test_task_artifact_api_returns_registered_artifact_and_rejects_unsafe_paths
ERROR tests/test_json_workflow_engine.py::test_confirm_api_returns_safe_payload_for_json_workflow_fatal_exception
ERROR tests/test_json_workflow_engine.py::test_recruiting_custom_pipeline_json_fixture_validates_runs_and_resumes
ERROR tests/test_json_workflow_engine.py::test_json_workflow_human_gate_survives_store_restart_and_api_confirm_resumes
ERROR tests/test_json_workflow_engine.py::test_resume_and_jd_structured_extract_recover_dirty_json_and_type_errors
ERROR tests/test_json_workflow_engine.py::test_structured_extract_exhaustion_events_and_human_gate_payload_are_sanitized
29 passed, 1 warning, 9 errors in 1.44s
exit=1
=== pytest full ===
F.........EEEEEE.......................E..E...E.E...EEEEE............... [ 31%]
...............................EEEEEFF.................................. [ 63%]
........................................................................ [ 95%]
...........                                                              [100%]
==================================== ERRORS ====================================
___ ERROR at setup of test_scenario_b_awaiting_payload_contains_lead_preview ___

monkeypatch = <_pytest.monkeypatch.MonkeyPatch object at 0x7385ad1a8500>
tmp_path = PosixPath('/tmp/pytest-of-lison/pytest-251/test_scenario_b_awaiting_paylo0')

    @pytest.fixture()
    def isolated_task_store(monkeypatch: pytest.MonkeyPatch, tmp_path):
        monkeypatch.setenv("TASK_DATABASE_URL", f"sqlite:///{tmp_path / 'tasks.sqlite3'}")
>       store = orchestrator.DBTaskStore()
                ^^^^^^^^^^^^^^^^^^^^^^^^^^

tests/test_candidate_lead_ingestion.py:53: 
_ _ _ _ _ _ _ _ _ _ _ _ _ _ _ _ _ _ _ _ _ _ _ _ _ _ _ _ _ _ _ _ _ _ _ _ _ _ _ _ 
app/core/orchestrator.py:2323: in __init__
    self._session_factory = make_task_session_factory()
                            ^^^^^^^^^^^^^^^^^^^^^^^^^^^
app/db/task_models.py:131: in make_task_session_factory
    engine = make_task_engine(database_url)
             ^^^^^^^^^^^^^^^^^^^^^^^^^^^^^^
app/db/task_models.py:95: in make_task_engine
    _guard_sqlite_in_production(url, "task")
_ _ _ _ _ _ _ _ _ _ _ _ _ _ _ _ _ _ _ _ _ _ _ _ _ _ _ _ _ _ _ _ _ _ _ _ _ _ _ _ 

url = 'sqlite:////tmp/pytest-of-lison/pytest-251/test_scenario_b_awaiting_paylo0/tasks.sqlite3'
purpose = 'task'

    def _guard_sqlite_in_production(url: str, purpose: str) -> None:
        app_env = str(os.environ.get("APP_ENV") or os.environ.get("ENV") or os.environ.get("ZHAOPING_ENV") or "").lower()
        if app_env in {"production", "prod"} and url.startswith("sqlite") and os.environ.get("ALLOW_SQLITE_IN_PRODUCTION") != "1":
>           raise RuntimeError(
                f"SQLite is not allowed for {purpose} database in production. "
                "Set PROJECT_DATABASE_URL/TASK_DATABASE_URL to a PostgreSQL URL."
            )
E           RuntimeError: SQLite is not allowed for task database in production. Set PROJECT_DATABASE_URL/TASK_DATABASE_URL to a PostgreSQL URL.

app/db/task_models.py:111: RuntimeError
___ ERROR at setup of test_scenario_b_reject_does_not_ingest_candidate_leads ___

monkeypatch = <_pytest.monkeypatch.MonkeyPatch object at 0x7385ad1fc140>
tmp_path = PosixPath('/tmp/pytest-of-lison/pytest-251/test_scenario_b_reject_does_no0')

    @pytest.fixture()
    def isolated_task_store(monkeypatch: pytest.MonkeyPatch, tmp_path):
        monkeypatch.setenv("TASK_DATABASE_URL", f"sqlite:///{tmp_path / 'tasks.sqlite3'}")
>       store = orchestrator.DBTaskStore()
                ^^^^^^^^^^^^^^^^^^^^^^^^^^

tests/test_candidate_lead_ingestion.py:53: 
_ _ _ _ _ _ _ _ _ _ _ _ _ _ _ _ _ _ _ _ _ _ _ _ _ _ _ _ _ _ _ _ _ _ _ _ _ _ _ _ 
app/core/orchestrator.py:2323: in __init__
    self._session_factory = make_task_session_factory()
                            ^^^^^^^^^^^^^^^^^^^^^^^^^^^
app/db/task_models.py:131: in make_task_session_factory
    engine = make_task_engine(database_url)
             ^^^^^^^^^^^^^^^^^^^^^^^^^^^^^^
app/db/task_models.py:95: in make_task_engine
    _guard_sqlite_in_production(url, "task")
_ _ _ _ _ _ _ _ _ _ _ _ _ _ _ _ _ _ _ _ _ _ _ _ _ _ _ _ _ _ _ _ _ _ _ _ _ _ _ _ 

url = 'sqlite:////tmp/pytest-of-lison/pytest-251/test_scenario_b_reject_does_no0/tasks.sqlite3'
purpose = 'task'

    def _guard_sqlite_in_production(url: str, purpose: str) -> None:
        app_env = str(os.environ.get("APP_ENV") or os.environ.get("ENV") or os.environ.get("ZHAOPING_ENV") or "").lower()
        if app_env in {"production", "prod"} and url.startswith("sqlite") and os.environ.get("ALLOW_SQLITE_IN_PRODUCTION") != "1":
>           raise RuntimeError(
                f"SQLite is not allowed for {purpose} database in production. "
                "Set PROJECT_DATABASE_URL/TASK_DATABASE_URL to a PostgreSQL URL."
            )
E           RuntimeError: SQLite is not allowed for task database in production. Set PROJECT_DATABASE_URL/TASK_DATABASE_URL to a PostgreSQL URL.

app/db/task_models.py:111: RuntimeError
_ ERROR at setup of test_scenario_b_result_contains_lead_ingestion_and_increases_candidate_count _

monkeypatch = <_pytest.monkeypatch.MonkeyPatch object at 0x7385ad184dd0>
tmp_path = PosixPath('/tmp/pytest-of-lison/pytest-251/test_scenario_b_result_contain0')

    @pytest.fixture()
    def isolated_task_store(monkeypatch: pytest.MonkeyPatch, tmp_path):
        monkeypatch.setenv("TASK_DATABASE_URL", f"sqlite:///{tmp_path / 'tasks.sqlite3'}")
>       store = orchestrator.DBTaskStore()
                ^^^^^^^^^^^^^^^^^^^^^^^^^^

tests/test_candidate_lead_ingestion.py:53: 
_ _ _ _ _ _ _ _ _ _ _ _ _ _ _ _ _ _ _ _ _ _ _ _ _ _ _ _ _ _ _ _ _ _ _ _ _ _ _ _ 
app/core/orchestrator.py:2323: in __init__
    self._session_factory = make_task_session_factory()
                            ^^^^^^^^^^^^^^^^^^^^^^^^^^^
app/db/task_models.py:131: in make_task_session_factory
    engine = make_task_engine(database_url)
             ^^^^^^^^^^^^^^^^^^^^^^^^^^^^^^
app/db/task_models.py:95: in make_task_engine
    _guard_sqlite_in_production(url, "task")
_ _ _ _ _ _ _ _ _ _ _ _ _ _ _ _ _ _ _ _ _ _ _ _ _ _ _ _ _ _ _ _ _ _ _ _ _ _ _ _ 

url = 'sqlite:////tmp/pytest-of-lison/pytest-251/test_scenario_b_result_contain0/tasks.sqlite3'
purpose = 'task'

    def _guard_sqlite_in_production(url: str, purpose: str) -> None:
        app_env = str(os.environ.get("APP_ENV") or os.environ.get("ENV") or os.environ.get("ZHAOPING_ENV") or "").lower()
        if app_env in {"production", "prod"} and url.startswith("sqlite") and os.environ.get("ALLOW_SQLITE_IN_PRODUCTION") != "1":
>           raise RuntimeError(
                f"SQLite is not allowed for {purpose} database in production. "
                "Set PROJECT_DATABASE_URL/TASK_DATABASE_URL to a PostgreSQL URL."
            )
E           RuntimeError: SQLite is not allowed for task database in production. Set PROJECT_DATABASE_URL/TASK_DATABASE_URL to a PostgreSQL URL.

app/db/task_models.py:111: RuntimeError
__________ ERROR at setup of test_candidate_search_schedule_api_crud ___________

tmp_path = PosixPath('/tmp/pytest-of-lison/pytest-251/test_candidate_search_schedule0')

    @pytest.fixture()
    def session_factory(tmp_path) -> Iterator[sessionmaker[Session]]:
        database_url = f"sqlite:///{tmp_path / 'projects.sqlite3'}"
>       factory = make_project_session_factory(database_url)
                  ^^^^^^^^^^^^^^^^^^^^^^^^^^^^^^^^^^^^^^^^^^

tests/test_candidate_search_scheduler.py:22: 
_ _ _ _ _ _ _ _ _ _ _ _ _ _ _ _ _ _ _ _ _ _ _ _ _ _ _ _ _ _ _ _ _ _ _ _ _ _ _ _ 
app/db/session.py:63: in make_project_session_factory
    engine = make_project_engine(database_url)
             ^^^^^^^^^^^^^^^^^^^^^^^^^^^^^^^^^
app/db/session.py:20: in make_project_engine
    _guard_sqlite_in_production(url, "project")
_ _ _ _ _ _ _ _ _ _ _ _ _ _ _ _ _ _ _ _ _ _ _ _ _ _ _ _ _ _ _ _ _ _ _ _ _ _ _ _ 

url = 'sqlite:////tmp/pytest-of-lison/pytest-251/test_candidate_search_schedule0/projects.sqlite3'
purpose = 'project'

    def _guard_sqlite_in_production(url: str, purpose: str) -> None:
        app_env = str(os.environ.get("APP_ENV") or os.environ.get("ENV") or os.environ.get("ZHAOPING_ENV") or "").lower()
        if app_env in {"production", "prod"} and url.startswith("sqlite") and os.environ.get("ALLOW_SQLITE_IN_PRODUCTION") != "1":
>           raise RuntimeError(
                f"SQLite is not allowed for {purpose} database in production. "
                "Set PROJECT_DATABASE_URL/TASK_DATABASE_URL to a PostgreSQL URL."
            )
E           RuntimeError: SQLite is not allowed for project database in production. Set PROJECT_DATABASE_URL/TASK_DATABASE_URL to a PostgreSQL URL.

app/db/session.py:36: RuntimeError
_ ERROR at setup of test_candidate_search_scheduler_starts_due_b_task_and_ingests_leads _

tmp_path = PosixPath('/tmp/pytest-of-lison/pytest-251/test_candidate_search_schedule1')

    @pytest.fixture()
    def session_factory(tmp_path) -> Iterator[sessionmaker[Session]]:
        database_url = f"sqlite:///{tmp_path / 'projects.sqlite3'}"
>       factory = make_project_session_factory(database_url)
                  ^^^^^^^^^^^^^^^^^^^^^^^^^^^^^^^^^^^^^^^^^^

tests/test_candidate_search_scheduler.py:22: 
_ _ _ _ _ _ _ _ _ _ _ _ _ _ _ _ _ _ _ _ _ _ _ _ _ _ _ _ _ _ _ _ _ _ _ _ _ _ _ _ 
app/db/session.py:63: in make_project_session_factory
    engine = make_project_engine(database_url)
             ^^^^^^^^^^^^^^^^^^^^^^^^^^^^^^^^^
app/db/session.py:20: in make_project_engine
    _guard_sqlite_in_production(url, "project")
_ _ _ _ _ _ _ _ _ _ _ _ _ _ _ _ _ _ _ _ _ _ _ _ _ _ _ _ _ _ _ _ _ _ _ _ _ _ _ _ 

url = 'sqlite:////tmp/pytest-of-lison/pytest-251/test_candidate_search_schedule1/projects.sqlite3'
purpose = 'project'

    def _guard_sqlite_in_production(url: str, purpose: str) -> None:
        app_env = str(os.environ.get("APP_ENV") or os.environ.get("ENV") or os.environ.get("ZHAOPING_ENV") or "").lower()
        if app_env in {"production", "prod"} and url.startswith("sqlite") and os.environ.get("ALLOW_SQLITE_IN_PRODUCTION") != "1":
>           raise RuntimeError(
                f"SQLite is not allowed for {purpose} database in production. "
                "Set PROJECT_DATABASE_URL/TASK_DATABASE_URL to a PostgreSQL URL."
            )
E           RuntimeError: SQLite is not allowed for project database in production. Set PROJECT_DATABASE_URL/TASK_DATABASE_URL to a PostgreSQL URL.

app/db/session.py:36: RuntimeError
_ ERROR at setup of test_disabled_candidate_search_schedule_does_not_start_task _

tmp_path = PosixPath('/tmp/pytest-of-lison/pytest-251/test_disabled_candidate_search0')

    @pytest.fixture()
    def session_factory(tmp_path) -> Iterator[sessionmaker[Session]]:
        database_url = f"sqlite:///{tmp_path / 'projects.sqlite3'}"
>       factory = make_project_session_factory(database_url)
                  ^^^^^^^^^^^^^^^^^^^^^^^^^^^^^^^^^^^^^^^^^^

tests/test_candidate_search_scheduler.py:22: 
_ _ _ _ _ _ _ _ _ _ _ _ _ _ _ _ _ _ _ _ _ _ _ _ _ _ _ _ _ _ _ _ _ _ _ _ _ _ _ _ 
app/db/session.py:63: in make_project_session_factory
    engine = make_project_engine(database_url)
             ^^^^^^^^^^^^^^^^^^^^^^^^^^^^^^^^^
app/db/session.py:20: in make_project_engine
    _guard_sqlite_in_production(url, "project")
_ _ _ _ _ _ _ _ _ _ _ _ _ _ _ _ _ _ _ _ _ _ _ _ _ _ _ _ _ _ _ _ _ _ _ _ _ _ _ _ 

url = 'sqlite:////tmp/pytest-of-lison/pytest-251/test_disabled_candidate_search0/projects.sqlite3'
purpose = 'project'

    def _guard_sqlite_in_production(url: str, purpose: str) -> None:
        app_env = str(os.environ.get("APP_ENV") or os.environ.get("ENV") or os.environ.get("ZHAOPING_ENV") or "").lower()
        if app_env in {"production", "prod"} and url.startswith("sqlite") and os.environ.get("ALLOW_SQLITE_IN_PRODUCTION") != "1":
>           raise RuntimeError(
                f"SQLite is not allowed for {purpose} database in production. "
                "Set PROJECT_DATABASE_URL/TASK_DATABASE_URL to a PostgreSQL URL."
            )
E           RuntimeError: SQLite is not allowed for project database in production. Set PROJECT_DATABASE_URL/TASK_DATABASE_URL to a PostgreSQL URL.

app/db/session.py:36: RuntimeError
_ ERROR at setup of test_workflow_artifact_output_storage_keeps_large_payload_out_of_context _

monkeypatch = <_pytest.monkeypatch.MonkeyPatch object at 0x7385ae18d9a0>
tmp_path = PosixPath('/tmp/pytest-of-lison/pytest-251/test_workflow_artifact_output_0')

    @pytest.fixture
    def isolated_task_store(monkeypatch: pytest.MonkeyPatch, tmp_path: Path):
        monkeypatch.setenv("TASK_DATABASE_URL", f"sqlite:///{tmp_path / 'tasks.sqlite3'}")
        monkeypatch.setenv("WORKFLOW_ARTIFACT_DIR", str(tmp_path / "workflow_artifacts"))
>       store = orchestrator.DBTaskStore()
                ^^^^^^^^^^^^^^^^^^^^^^^^^^

tests/test_json_workflow_engine.py:202: 
_ _ _ _ _ _ _ _ _ _ _ _ _ _ _ _ _ _ _ _ _ _ _ _ _ _ _ _ _ _ _ _ _ _ _ _ _ _ _ _ 
app/core/orchestrator.py:2323: in __init__
    self._session_factory = make_task_session_factory()
                            ^^^^^^^^^^^^^^^^^^^^^^^^^^^
app/db/task_models.py:131: in make_task_session_factory
    engine = make_task_engine(database_url)
             ^^^^^^^^^^^^^^^^^^^^^^^^^^^^^^
app/db/task_models.py:95: in make_task_engine
    _guard_sqlite_in_production(url, "task")
_ _ _ _ _ _ _ _ _ _ _ _ _ _ _ _ _ _ _ _ _ _ _ _ _ _ _ _ _ _ _ _ _ _ _ _ _ _ _ _ 

url = 'sqlite:////tmp/pytest-of-lison/pytest-251/test_workflow_artifact_output_0/tasks.sqlite3'
purpose = 'task'

    def _guard_sqlite_in_production(url: str, purpose: str) -> None:
        app_env = str(os.environ.get("APP_ENV") or os.environ.get("ENV") or os.environ.get("ZHAOPING_ENV") or "").lower()
        if app_env in {"production", "prod"} and url.startswith("sqlite") and os.environ.get("ALLOW_SQLITE_IN_PRODUCTION") != "1":
>           raise RuntimeError(
                f"SQLite is not allowed for {purpose} database in production. "
                "Set PROJECT_DATABASE_URL/TASK_DATABASE_URL to a PostgreSQL URL."
            )
E           RuntimeError: SQLite is not allowed for task database in production. Set PROJECT_DATABASE_URL/TASK_DATABASE_URL to a PostgreSQL URL.

app/db/task_models.py:111: RuntimeError
_ ERROR at setup of test_legacy_scenario_human_gate_releases_runner_and_confirm_resumes _

monkeypatch = <_pytest.monkeypatch.MonkeyPatch object at 0x7385ad185ee0>
tmp_path = PosixPath('/tmp/pytest-of-lison/pytest-251/test_legacy_scenario_human_gat0')

    @pytest.fixture
    def isolated_task_store(monkeypatch: pytest.MonkeyPatch, tmp_path: Path):
        monkeypatch.setenv("TASK_DATABASE_URL", f"sqlite:///{tmp_path / 'tasks.sqlite3'}")
        monkeypatch.setenv("WORKFLOW_ARTIFACT_DIR", str(tmp_path / "workflow_artifacts"))
>       store = orchestrator.DBTaskStore()
                ^^^^^^^^^^^^^^^^^^^^^^^^^^

tests/test_json_workflow_engine.py:202: 
_ _ _ _ _ _ _ _ _ _ _ _ _ _ _ _ _ _ _ _ _ _ _ _ _ _ _ _ _ _ _ _ _ _ _ _ _ _ _ _ 
app/core/orchestrator.py:2323: in __init__
    self._session_factory = make_task_session_factory()
                            ^^^^^^^^^^^^^^^^^^^^^^^^^^^
app/db/task_models.py:131: in make_task_session_factory
    engine = make_task_engine(database_url)
             ^^^^^^^^^^^^^^^^^^^^^^^^^^^^^^
app/db/task_models.py:95: in make_task_engine
    _guard_sqlite_in_production(url, "task")
_ _ _ _ _ _ _ _ _ _ _ _ _ _ _ _ _ _ _ _ _ _ _ _ _ _ _ _ _ _ _ _ _ _ _ _ _ _ _ _ 

url = 'sqlite:////tmp/pytest-of-lison/pytest-251/test_legacy_scenario_human_gat0/tasks.sqlite3'
purpose = 'task'

    def _guard_sqlite_in_production(url: str, purpose: str) -> None:
        app_env = str(os.environ.get("APP_ENV") or os.environ.get("ENV") or os.environ.get("ZHAOPING_ENV") or "").lower()
        if app_env in {"production", "prod"} and url.startswith("sqlite") and os.environ.get("ALLOW_SQLITE_IN_PRODUCTION") != "1":
>           raise RuntimeError(
                f"SQLite is not allowed for {purpose} database in production. "
                "Set PROJECT_DATABASE_URL/TASK_DATABASE_URL to a PostgreSQL URL."
            )
E           RuntimeError: SQLite is not allowed for task database in production. Set PROJECT_DATABASE_URL/TASK_DATABASE_URL to a PostgreSQL URL.

app/db/task_models.py:111: RuntimeError
____________ ERROR at setup of test_workflows_run_api_creates_task _____________

monkeypatch = <_pytest.monkeypatch.MonkeyPatch object at 0x7385acd0ae70>
tmp_path = PosixPath('/tmp/pytest-of-lison/pytest-251/test_workflows_run_api_creates0')

    @pytest.fixture
    def isolated_task_store(monkeypatch: pytest.MonkeyPatch, tmp_path: Path):
        monkeypatch.setenv("TASK_DATABASE_URL", f"sqlite:///{tmp_path / 'tasks.sqlite3'}")
        monkeypatch.setenv("WORKFLOW_ARTIFACT_DIR", str(tmp_path / "workflow_artifacts"))
>       store = orchestrator.DBTaskStore()
                ^^^^^^^^^^^^^^^^^^^^^^^^^^

tests/test_json_workflow_engine.py:202: 
_ _ _ _ _ _ _ _ _ _ _ _ _ _ _ _ _ _ _ _ _ _ _ _ _ _ _ _ _ _ _ _ _ _ _ _ _ _ _ _ 
app/core/orchestrator.py:2323: in __init__
    self._session_factory = make_task_session_factory()
                            ^^^^^^^^^^^^^^^^^^^^^^^^^^^
app/db/task_models.py:131: in make_task_session_factory
    engine = make_task_engine(database_url)
             ^^^^^^^^^^^^^^^^^^^^^^^^^^^^^^
app/db/task_models.py:95: in make_task_engine
    _guard_sqlite_in_production(url, "task")
_ _ _ _ _ _ _ _ _ _ _ _ _ _ _ _ _ _ _ _ _ _ _ _ _ _ _ _ _ _ _ _ _ _ _ _ _ _ _ _ 

url = 'sqlite:////tmp/pytest-of-lison/pytest-251/test_workflows_run_api_creates0/tasks.sqlite3'
purpose = 'task'

    def _guard_sqlite_in_production(url: str, purpose: str) -> None:
        app_env = str(os.environ.get("APP_ENV") or os.environ.get("ENV") or os.environ.get("ZHAOPING_ENV") or "").lower()
        if app_env in {"production", "prod"} and url.startswith("sqlite") and os.environ.get("ALLOW_SQLITE_IN_PRODUCTION") != "1":
>           raise RuntimeError(
                f"SQLite is not allowed for {purpose} database in production. "
                "Set PROJECT_DATABASE_URL/TASK_DATABASE_URL to a PostgreSQL URL."
            )
E           RuntimeError: SQLite is not allowed for task database in production. Set PROJECT_DATABASE_URL/TASK_DATABASE_URL to a PostgreSQL URL.

app/db/task_models.py:111: RuntimeError
_ ERROR at setup of test_task_artifact_api_returns_registered_artifact_and_rejects_unsafe_paths _

monkeypatch = <_pytest.monkeypatch.MonkeyPatch object at 0x7385ad5ae4e0>
tmp_path = PosixPath('/tmp/pytest-of-lison/pytest-251/test_task_artifact_api_returns0')

    @pytest.fixture
    def isolated_task_store(monkeypatch: pytest.MonkeyPatch, tmp_path: Path):
        monkeypatch.setenv("TASK_DATABASE_URL", f"sqlite:///{tmp_path / 'tasks.sqlite3'}")
        monkeypatch.setenv("WORKFLOW_ARTIFACT_DIR", str(tmp_path / "workflow_artifacts"))
>       store = orchestrator.DBTaskStore()
                ^^^^^^^^^^^^^^^^^^^^^^^^^^

tests/test_json_workflow_engine.py:202: 
_ _ _ _ _ _ _ _ _ _ _ _ _ _ _ _ _ _ _ _ _ _ _ _ _ _ _ _ _ _ _ _ _ _ _ _ _ _ _ _ 
app/core/orchestrator.py:2323: in __init__
    self._session_factory = make_task_session_factory()
                            ^^^^^^^^^^^^^^^^^^^^^^^^^^^
app/db/task_models.py:131: in make_task_session_factory
    engine = make_task_engine(database_url)
             ^^^^^^^^^^^^^^^^^^^^^^^^^^^^^^
app/db/task_models.py:95: in make_task_engine
    _guard_sqlite_in_production(url, "task")
_ _ _ _ _ _ _ _ _ _ _ _ _ _ _ _ _ _ _ _ _ _ _ _ _ _ _ _ _ _ _ _ _ _ _ _ _ _ _ _ 

url = 'sqlite:////tmp/pytest-of-lison/pytest-251/test_task_artifact_api_returns0/tasks.sqlite3'
purpose = 'task'

    def _guard_sqlite_in_production(url: str, purpose: str) -> None:
        app_env = str(os.environ.get("APP_ENV") or os.environ.get("ENV") or os.environ.get("ZHAOPING_ENV") or "").lower()
        if app_env in {"production", "prod"} and url.startswith("sqlite") and os.environ.get("ALLOW_SQLITE_IN_PRODUCTION") != "1":
>           raise RuntimeError(
                f"SQLite is not allowed for {purpose} database in production. "
                "Set PROJECT_DATABASE_URL/TASK_DATABASE_URL to a PostgreSQL URL."
            )
E           RuntimeError: SQLite is not allowed for task database in production. Set PROJECT_DATABASE_URL/TASK_DATABASE_URL to a PostgreSQL URL.

app/db/task_models.py:111: RuntimeError
_ ERROR at setup of test_confirm_api_returns_safe_payload_for_json_workflow_fatal_exception _

monkeypatch = <_pytest.monkeypatch.MonkeyPatch object at 0x7385acdd9220>
tmp_path = PosixPath('/tmp/pytest-of-lison/pytest-251/test_confirm_api_returns_safe_0')

    @pytest.fixture
    def isolated_task_store(monkeypatch: pytest.MonkeyPatch, tmp_path: Path):
        monkeypatch.setenv("TASK_DATABASE_URL", f"sqlite:///{tmp_path / 'tasks.sqlite3'}")
        monkeypatch.setenv("WORKFLOW_ARTIFACT_DIR", str(tmp_path / "workflow_artifacts"))
>       store = orchestrator.DBTaskStore()
                ^^^^^^^^^^^^^^^^^^^^^^^^^^

tests/test_json_workflow_engine.py:202: 
_ _ _ _ _ _ _ _ _ _ _ _ _ _ _ _ _ _ _ _ _ _ _ _ _ _ _ _ _ _ _ _ _ _ _ _ _ _ _ _ 
app/core/orchestrator.py:2323: in __init__
    self._session_factory = make_task_session_factory()
                            ^^^^^^^^^^^^^^^^^^^^^^^^^^^
app/db/task_models.py:131: in make_task_session_factory
    engine = make_task_engine(database_url)
             ^^^^^^^^^^^^^^^^^^^^^^^^^^^^^^
app/db/task_models.py:95: in make_task_engine
    _guard_sqlite_in_production(url, "task")
_ _ _ _ _ _ _ _ _ _ _ _ _ _ _ _ _ _ _ _ _ _ _ _ _ _ _ _ _ _ _ _ _ _ _ _ _ _ _ _ 

url = 'sqlite:////tmp/pytest-of-lison/pytest-251/test_confirm_api_returns_safe_0/tasks.sqlite3'
purpose = 'task'

    def _guard_sqlite_in_production(url: str, purpose: str) -> None:
        app_env = str(os.environ.get("APP_ENV") or os.environ.get("ENV") or os.environ.get("ZHAOPING_ENV") or "").lower()
        if app_env in {"production", "prod"} and url.startswith("sqlite") and os.environ.get("ALLOW_SQLITE_IN_PRODUCTION") != "1":
>           raise RuntimeError(
                f"SQLite is not allowed for {purpose} database in production. "
                "Set PROJECT_DATABASE_URL/TASK_DATABASE_URL to a PostgreSQL URL."
            )
E           RuntimeError: SQLite is not allowed for task database in production. Set PROJECT_DATABASE_URL/TASK_DATABASE_URL to a PostgreSQL URL.

app/db/task_models.py:111: RuntimeError
_ ERROR at setup of test_recruiting_custom_pipeline_json_fixture_validates_runs_and_resumes _

monkeypatch = <_pytest.monkeypatch.MonkeyPatch object at 0x7385ad12e030>
tmp_path = PosixPath('/tmp/pytest-of-lison/pytest-251/test_recruiting_custom_pipelin0')

    @pytest.fixture
    def isolated_task_store(monkeypatch: pytest.MonkeyPatch, tmp_path: Path):
        monkeypatch.setenv("TASK_DATABASE_URL", f"sqlite:///{tmp_path / 'tasks.sqlite3'}")
        monkeypatch.setenv("WORKFLOW_ARTIFACT_DIR", str(tmp_path / "workflow_artifacts"))
>       store = orchestrator.DBTaskStore()
                ^^^^^^^^^^^^^^^^^^^^^^^^^^

tests/test_json_workflow_engine.py:202: 
_ _ _ _ _ _ _ _ _ _ _ _ _ _ _ _ _ _ _ _ _ _ _ _ _ _ _ _ _ _ _ _ _ _ _ _ _ _ _ _ 
app/core/orchestrator.py:2323: in __init__
    self._session_factory = make_task_session_factory()
                            ^^^^^^^^^^^^^^^^^^^^^^^^^^^
app/db/task_models.py:131: in make_task_session_factory
    engine = make_task_engine(database_url)
             ^^^^^^^^^^^^^^^^^^^^^^^^^^^^^^
app/db/task_models.py:95: in make_task_engine
    _guard_sqlite_in_production(url, "task")
_ _ _ _ _ _ _ _ _ _ _ _ _ _ _ _ _ _ _ _ _ _ _ _ _ _ _ _ _ _ _ _ _ _ _ _ _ _ _ _ 

url = 'sqlite:////tmp/pytest-of-lison/pytest-251/test_recruiting_custom_pipelin0/tasks.sqlite3'
purpose = 'task'

    def _guard_sqlite_in_production(url: str, purpose: str) -> None:
        app_env = str(os.environ.get("APP_ENV") or os.environ.get("ENV") or os.environ.get("ZHAOPING_ENV") or "").lower()
        if app_env in {"production", "prod"} and url.startswith("sqlite") and os.environ.get("ALLOW_SQLITE_IN_PRODUCTION") != "1":
>           raise RuntimeError(
                f"SQLite is not allowed for {purpose} database in production. "
                "Set PROJECT_DATABASE_URL/TASK_DATABASE_URL to a PostgreSQL URL."
            )
E           RuntimeError: SQLite is not allowed for task database in production. Set PROJECT_DATABASE_URL/TASK_DATABASE_URL to a PostgreSQL URL.

app/db/task_models.py:111: RuntimeError
_ ERROR at setup of test_json_workflow_human_gate_survives_store_restart_and_api_confirm_resumes _

monkeypatch = <_pytest.monkeypatch.MonkeyPatch object at 0x7385ac92be30>
tmp_path = PosixPath('/tmp/pytest-of-lison/pytest-251/test_json_workflow_human_gate_0')

    @pytest.fixture
    def isolated_task_store(monkeypatch: pytest.MonkeyPatch, tmp_path: Path):
        monkeypatch.setenv("TASK_DATABASE_URL", f"sqlite:///{tmp_path / 'tasks.sqlite3'}")
        monkeypatch.setenv("WORKFLOW_ARTIFACT_DIR", str(tmp_path / "workflow_artifacts"))
>       store = orchestrator.DBTaskStore()
                ^^^^^^^^^^^^^^^^^^^^^^^^^^

tests/test_json_workflow_engine.py:202: 
_ _ _ _ _ _ _ _ _ _ _ _ _ _ _ _ _ _ _ _ _ _ _ _ _ _ _ _ _ _ _ _ _ _ _ _ _ _ _ _ 
app/core/orchestrator.py:2323: in __init__
    self._session_factory = make_task_session_factory()
                            ^^^^^^^^^^^^^^^^^^^^^^^^^^^
app/db/task_models.py:131: in make_task_session_factory
    engine = make_task_engine(database_url)
             ^^^^^^^^^^^^^^^^^^^^^^^^^^^^^^
app/db/task_models.py:95: in make_task_engine
    _guard_sqlite_in_production(url, "task")
_ _ _ _ _ _ _ _ _ _ _ _ _ _ _ _ _ _ _ _ _ _ _ _ _ _ _ _ _ _ _ _ _ _ _ _ _ _ _ _ 

url = 'sqlite:////tmp/pytest-of-lison/pytest-251/test_json_workflow_human_gate_0/tasks.sqlite3'
purpose = 'task'

    def _guard_sqlite_in_production(url: str, purpose: str) -> None:
        app_env = str(os.environ.get("APP_ENV") or os.environ.get("ENV") or os.environ.get("ZHAOPING_ENV") or "").lower()
        if app_env in {"production", "prod"} and url.startswith("sqlite") and os.environ.get("ALLOW_SQLITE_IN_PRODUCTION") != "1":
>           raise RuntimeError(
                f"SQLite is not allowed for {purpose} database in production. "
                "Set PROJECT_DATABASE_URL/TASK_DATABASE_URL to a PostgreSQL URL."
            )
E           RuntimeError: SQLite is not allowed for task database in production. Set PROJECT_DATABASE_URL/TASK_DATABASE_URL to a PostgreSQL URL.

app/db/task_models.py:111: RuntimeError
_ ERROR at setup of test_resume_and_jd_structured_extract_recover_dirty_json_and_type_errors _

monkeypatch = <_pytest.monkeypatch.MonkeyPatch object at 0x7385acd66690>
tmp_path = PosixPath('/tmp/pytest-of-lison/pytest-251/test_resume_and_jd_structured_0')

    @pytest.fixture
    def isolated_task_store(monkeypatch: pytest.MonkeyPatch, tmp_path: Path):
        monkeypatch.setenv("TASK_DATABASE_URL", f"sqlite:///{tmp_path / 'tasks.sqlite3'}")
        monkeypatch.setenv("WORKFLOW_ARTIFACT_DIR", str(tmp_path / "workflow_artifacts"))
>       store = orchestrator.DBTaskStore()
                ^^^^^^^^^^^^^^^^^^^^^^^^^^

tests/test_json_workflow_engine.py:202: 
_ _ _ _ _ _ _ _ _ _ _ _ _ _ _ _ _ _ _ _ _ _ _ _ _ _ _ _ _ _ _ _ _ _ _ _ _ _ _ _ 
app/core/orchestrator.py:2323: in __init__
    self._session_factory = make_task_session_factory()
                            ^^^^^^^^^^^^^^^^^^^^^^^^^^^
app/db/task_models.py:131: in make_task_session_factory
    engine = make_task_engine(database_url)
             ^^^^^^^^^^^^^^^^^^^^^^^^^^^^^^
app/db/task_models.py:95: in make_task_engine
    _guard_sqlite_in_production(url, "task")
_ _ _ _ _ _ _ _ _ _ _ _ _ _ _ _ _ _ _ _ _ _ _ _ _ _ _ _ _ _ _ _ _ _ _ _ _ _ _ _ 

url = 'sqlite:////tmp/pytest-of-lison/pytest-251/test_resume_and_jd_structured_0/tasks.sqlite3'
purpose = 'task'

    def _guard_sqlite_in_production(url: str, purpose: str) -> None:
        app_env = str(os.environ.get("APP_ENV") or os.environ.get("ENV") or os.environ.get("ZHAOPING_ENV") or "").lower()
        if app_env in {"production", "prod"} and url.startswith("sqlite") and os.environ.get("ALLOW_SQLITE_IN_PRODUCTION") != "1":
>           raise RuntimeError(
                f"SQLite is not allowed for {purpose} database in production. "
                "Set PROJECT_DATABASE_URL/TASK_DATABASE_URL to a PostgreSQL URL."
            )
E           RuntimeError: SQLite is not allowed for task database in production. Set PROJECT_DATABASE_URL/TASK_DATABASE_URL to a PostgreSQL URL.

app/db/task_models.py:111: RuntimeError
_ ERROR at setup of test_structured_extract_exhaustion_events_and_human_gate_payload_are_sanitized _

monkeypatch = <_pytest.monkeypatch.MonkeyPatch object at 0x7385acd648f0>
tmp_path = PosixPath('/tmp/pytest-of-lison/pytest-251/test_structured_extract_exhaus0')

    @pytest.fixture
    def isolated_task_store(monkeypatch: pytest.MonkeyPatch, tmp_path: Path):
        monkeypatch.setenv("TASK_DATABASE_URL", f"sqlite:///{tmp_path / 'tasks.sqlite3'}")
        monkeypatch.setenv("WORKFLOW_ARTIFACT_DIR", str(tmp_path / "workflow_artifacts"))
>       store = orchestrator.DBTaskStore()
                ^^^^^^^^^^^^^^^^^^^^^^^^^^

tests/test_json_workflow_engine.py:202: 
_ _ _ _ _ _ _ _ _ _ _ _ _ _ _ _ _ _ _ _ _ _ _ _ _ _ _ _ _ _ _ _ _ _ _ _ _ _ _ _ 
app/core/orchestrator.py:2323: in __init__
    self._session_factory = make_task_session_factory()
                            ^^^^^^^^^^^^^^^^^^^^^^^^^^^
app/db/task_models.py:131: in make_task_session_factory
    engine = make_task_engine(database_url)
             ^^^^^^^^^^^^^^^^^^^^^^^^^^^^^^
app/db/task_models.py:95: in make_task_engine
    _guard_sqlite_in_production(url, "task")
_ _ _ _ _ _ _ _ _ _ _ _ _ _ _ _ _ _ _ _ _ _ _ _ _ _ _ _ _ _ _ _ _ _ _ _ _ _ _ _ 

url = 'sqlite:////tmp/pytest-of-lison/pytest-251/test_structured_extract_exhaus0/tasks.sqlite3'
purpose = 'task'

    def _guard_sqlite_in_production(url: str, purpose: str) -> None:
        app_env = str(os.environ.get("APP_ENV") or os.environ.get("ENV") or os.environ.get("ZHAOPING_ENV") or "").lower()
        if app_env in {"production", "prod"} and url.startswith("sqlite") and os.environ.get("ALLOW_SQLITE_IN_PRODUCTION") != "1":
>           raise RuntimeError(
                f"SQLite is not allowed for {purpose} database in production. "
                "Set PROJECT_DATABASE_URL/TASK_DATABASE_URL to a PostgreSQL URL."
            )
E           RuntimeError: SQLite is not allowed for task database in production. Set PROJECT_DATABASE_URL/TASK_DATABASE_URL to a PostgreSQL URL.

app/db/task_models.py:111: RuntimeError
_ ERROR at setup of test_import_resume_to_project_reuses_candidate_lead_ingestion _

tmp_path = PosixPath('/tmp/pytest-of-lison/pytest-251/test_import_resume_to_project_0')

    @pytest.fixture()
    def session_factory(tmp_path) -> Iterator[sessionmaker[Session]]:
>       factory = make_project_session_factory(f"sqlite:///{tmp_path / 'projects.sqlite3'}")
                  ^^^^^^^^^^^^^^^^^^^^^^^^^^^^^^^^^^^^^^^^^^^^^^^^^^^^^^^^^^^^^^^^^^^^^^^^^^

tests/test_resume_ingestion.py:63: 
_ _ _ _ _ _ _ _ _ _ _ _ _ _ _ _ _ _ _ _ _ _ _ _ _ _ _ _ _ _ _ _ _ _ _ _ _ _ _ _ 
app/db/session.py:63: in make_project_session_factory
    engine = make_project_engine(database_url)
             ^^^^^^^^^^^^^^^^^^^^^^^^^^^^^^^^^
app/db/session.py:20: in make_project_engine
    _guard_sqlite_in_production(url, "project")
_ _ _ _ _ _ _ _ _ _ _ _ _ _ _ _ _ _ _ _ _ _ _ _ _ _ _ _ _ _ _ _ _ _ _ _ _ _ _ _ 

url = 'sqlite:////tmp/pytest-of-lison/pytest-251/test_import_resume_to_project_0/projects.sqlite3'
purpose = 'project'

    def _guard_sqlite_in_production(url: str, purpose: str) -> None:
        app_env = str(os.environ.get("APP_ENV") or os.environ.get("ENV") or os.environ.get("ZHAOPING_ENV") or "").lower()
        if app_env in {"production", "prod"} and url.startswith("sqlite") and os.environ.get("ALLOW_SQLITE_IN_PRODUCTION") != "1":
>           raise RuntimeError(
                f"SQLite is not allowed for {purpose} database in production. "
                "Set PROJECT_DATABASE_URL/TASK_DATABASE_URL to a PostgreSQL URL."
            )
E           RuntimeError: SQLite is not allowed for project database in production. Set PROJECT_DATABASE_URL/TASK_DATABASE_URL to a PostgreSQL URL.

app/db/session.py:36: RuntimeError
_ ERROR at setup of test_local_resume_import_api_creates_task_and_project_candidate _

tmp_path = PosixPath('/tmp/pytest-of-lison/pytest-251/test_local_resume_import_api_c0')

    @pytest.fixture()
    def session_factory(tmp_path) -> Iterator[sessionmaker[Session]]:
>       factory = make_project_session_factory(f"sqlite:///{tmp_path / 'projects.sqlite3'}")
                  ^^^^^^^^^^^^^^^^^^^^^^^^^^^^^^^^^^^^^^^^^^^^^^^^^^^^^^^^^^^^^^^^^^^^^^^^^^

tests/test_resume_ingestion.py:63: 
_ _ _ _ _ _ _ _ _ _ _ _ _ _ _ _ _ _ _ _ _ _ _ _ _ _ _ _ _ _ _ _ _ _ _ _ _ _ _ _ 
app/db/session.py:63: in make_project_session_factory
    engine = make_project_engine(database_url)
             ^^^^^^^^^^^^^^^^^^^^^^^^^^^^^^^^^
app/db/session.py:20: in make_project_engine
    _guard_sqlite_in_production(url, "project")
_ _ _ _ _ _ _ _ _ _ _ _ _ _ _ _ _ _ _ _ _ _ _ _ _ _ _ _ _ _ _ _ _ _ _ _ _ _ _ _ 

url = 'sqlite:////tmp/pytest-of-lison/pytest-251/test_local_resume_import_api_c0/projects.sqlite3'
purpose = 'project'

    def _guard_sqlite_in_production(url: str, purpose: str) -> None:
        app_env = str(os.environ.get("APP_ENV") or os.environ.get("ENV") or os.environ.get("ZHAOPING_ENV") or "").lower()
        if app_env in {"production", "prod"} and url.startswith("sqlite") and os.environ.get("ALLOW_SQLITE_IN_PRODUCTION") != "1":
>           raise RuntimeError(
                f"SQLite is not allowed for {purpose} database in production. "
                "Set PROJECT_DATABASE_URL/TASK_DATABASE_URL to a PostgreSQL URL."
            )
E           RuntimeError: SQLite is not allowed for project database in production. Set PROJECT_DATABASE_URL/TASK_DATABASE_URL to a PostgreSQL URL.

app/db/session.py:36: RuntimeError
_ ERROR at setup of test_project_resume_upload_saves_file_creates_task_and_project_candidate _

tmp_path = PosixPath('/tmp/pytest-of-lison/pytest-251/test_project_resume_upload_sav0')

    @pytest.fixture()
    def session_factory(tmp_path) -> Iterator[sessionmaker[Session]]:
>       factory = make_project_session_factory(f"sqlite:///{tmp_path / 'projects.sqlite3'}")
                  ^^^^^^^^^^^^^^^^^^^^^^^^^^^^^^^^^^^^^^^^^^^^^^^^^^^^^^^^^^^^^^^^^^^^^^^^^^

tests/test_resume_ingestion.py:63: 
_ _ _ _ _ _ _ _ _ _ _ _ _ _ _ _ _ _ _ _ _ _ _ _ _ _ _ _ _ _ _ _ _ _ _ _ _ _ _ _ 
app/db/session.py:63: in make_project_session_factory
    engine = make_project_engine(database_url)
             ^^^^^^^^^^^^^^^^^^^^^^^^^^^^^^^^^
app/db/session.py:20: in make_project_engine
    _guard_sqlite_in_production(url, "project")
_ _ _ _ _ _ _ _ _ _ _ _ _ _ _ _ _ _ _ _ _ _ _ _ _ _ _ _ _ _ _ _ _ _ _ _ _ _ _ _ 

url = 'sqlite:////tmp/pytest-of-lison/pytest-251/test_project_resume_upload_sav0/projects.sqlite3'
purpose = 'project'

    def _guard_sqlite_in_production(url: str, purpose: str) -> None:
        app_env = str(os.environ.get("APP_ENV") or os.environ.get("ENV") or os.environ.get("ZHAOPING_ENV") or "").lower()
        if app_env in {"production", "prod"} and url.startswith("sqlite") and os.environ.get("ALLOW_SQLITE_IN_PRODUCTION") != "1":
>           raise RuntimeError(
                f"SQLite is not allowed for {purpose} database in production. "
                "Set PROJECT_DATABASE_URL/TASK_DATABASE_URL to a PostgreSQL URL."
            )
E           RuntimeError: SQLite is not allowed for project database in production. Set PROJECT_DATABASE_URL/TASK_DATABASE_URL to a PostgreSQL URL.

app/db/session.py:36: RuntimeError
_ ERROR at setup of test_resume_import_task_does_not_hold_project_session_while_parsing_or_calling_llm _

tmp_path = PosixPath('/tmp/pytest-of-lison/pytest-251/test_resume_import_task_does_n0')

    @pytest.fixture()
    def session_factory(tmp_path) -> Iterator[sessionmaker[Session]]:
>       factory = make_project_session_factory(f"sqlite:///{tmp_path / 'projects.sqlite3'}")
                  ^^^^^^^^^^^^^^^^^^^^^^^^^^^^^^^^^^^^^^^^^^^^^^^^^^^^^^^^^^^^^^^^^^^^^^^^^^

tests/test_resume_ingestion.py:63: 
_ _ _ _ _ _ _ _ _ _ _ _ _ _ _ _ _ _ _ _ _ _ _ _ _ _ _ _ _ _ _ _ _ _ _ _ _ _ _ _ 
app/db/session.py:63: in make_project_session_factory
    engine = make_project_engine(database_url)
             ^^^^^^^^^^^^^^^^^^^^^^^^^^^^^^^^^
app/db/session.py:20: in make_project_engine
    _guard_sqlite_in_production(url, "project")
_ _ _ _ _ _ _ _ _ _ _ _ _ _ _ _ _ _ _ _ _ _ _ _ _ _ _ _ _ _ _ _ _ _ _ _ _ _ _ _ 

url = 'sqlite:////tmp/pytest-of-lison/pytest-251/test_resume_import_task_does_n0/projects.sqlite3'
purpose = 'project'

    def _guard_sqlite_in_production(url: str, purpose: str) -> None:
        app_env = str(os.environ.get("APP_ENV") or os.environ.get("ENV") or os.environ.get("ZHAOPING_ENV") or "").lower()
        if app_env in {"production", "prod"} and url.startswith("sqlite") and os.environ.get("ALLOW_SQLITE_IN_PRODUCTION") != "1":
>           raise RuntimeError(
                f"SQLite is not allowed for {purpose} database in production. "
                "Set PROJECT_DATABASE_URL/TASK_DATABASE_URL to a PostgreSQL URL."
            )
E           RuntimeError: SQLite is not allowed for project database in production. Set PROJECT_DATABASE_URL/TASK_DATABASE_URL to a PostgreSQL URL.

app/db/session.py:36: RuntimeError
_ ERROR at setup of test_resume_import_task_type_uses_task_store_without_scenario_plan _

monkeypatch = <_pytest.monkeypatch.MonkeyPatch object at 0x7385ac6ee810>
tmp_path = PosixPath('/tmp/pytest-of-lison/pytest-251/test_resume_import_task_type_u0')

    @pytest.fixture()
    def isolated_task_store(monkeypatch: pytest.MonkeyPatch, tmp_path):
        monkeypatch.setenv("TASK_DATABASE_URL", f"sqlite:///{tmp_path / 'tasks.sqlite3'}")
>       store = orchestrator.DBTaskStore()
                ^^^^^^^^^^^^^^^^^^^^^^^^^^

tests/test_resume_ingestion.py:95: 
_ _ _ _ _ _ _ _ _ _ _ _ _ _ _ _ _ _ _ _ _ _ _ _ _ _ _ _ _ _ _ _ _ _ _ _ _ _ _ _ 
app/core/orchestrator.py:2323: in __init__
    self._session_factory = make_task_session_factory()
                            ^^^^^^^^^^^^^^^^^^^^^^^^^^^
app/db/task_models.py:131: in make_task_session_factory
    engine = make_task_engine(database_url)
             ^^^^^^^^^^^^^^^^^^^^^^^^^^^^^^
app/db/task_models.py:95: in make_task_engine
    _guard_sqlite_in_production(url, "task")
_ _ _ _ _ _ _ _ _ _ _ _ _ _ _ _ _ _ _ _ _ _ _ _ _ _ _ _ _ _ _ _ _ _ _ _ _ _ _ _ 

url = 'sqlite:////tmp/pytest-of-lison/pytest-251/test_resume_import_task_type_u0/tasks.sqlite3'
purpose = 'task'

    def _guard_sqlite_in_production(url: str, purpose: str) -> None:
        app_env = str(os.environ.get("APP_ENV") or os.environ.get("ENV") or os.environ.get("ZHAOPING_ENV") or "").lower()
        if app_env in {"production", "prod"} and url.startswith("sqlite") and os.environ.get("ALLOW_SQLITE_IN_PRODUCTION") != "1":
>           raise RuntimeError(
                f"SQLite is not allowed for {purpose} database in production. "
                "Set PROJECT_DATABASE_URL/TASK_DATABASE_URL to a PostgreSQL URL."
            )
E           RuntimeError: SQLite is not allowed for task database in production. Set PROJECT_DATABASE_URL/TASK_DATABASE_URL to a PostgreSQL URL.

app/db/task_models.py:111: RuntimeError
=================================== FAILURES ===================================
____ test_scenario_c_candidate_evaluation_human_gate_updates_job_candidate _____

monkeypatch = <_pytest.monkeypatch.MonkeyPatch object at 0x7385ad90a390>
tmp_path = PosixPath('/tmp/pytest-of-lison/pytest-251/test_scenario_c_candidate_eval0')

    def test_scenario_c_candidate_evaluation_human_gate_updates_job_candidate(
        monkeypatch: pytest.MonkeyPatch,
        tmp_path,
    ) -> None:
        database_url = f"sqlite:///{tmp_path / 'projects.sqlite3'}"
        monkeypatch.setenv("PROJECT_DATABASE_URL", database_url)
        monkeypatch.setenv("CANDIDATE_EVALUATION_DELAY_SECONDS", "0")
        project_session_factory.cache_clear()
        try:
>           seed_project_mock_data(database_url)

tests/test_candidate_evaluation_task.py:25: 
_ _ _ _ _ _ _ _ _ _ _ _ _ _ _ _ _ _ _ _ _ _ _ _ _ _ _ _ _ _ _ _ _ _ _ _ _ _ _ _ 
scripts/seed_db.py:118: in seed_project_mock_data
    session_factory = make_project_session_factory(database_url)
                      ^^^^^^^^^^^^^^^^^^^^^^^^^^^^^^^^^^^^^^^^^^
app/db/session.py:63: in make_project_session_factory
    engine = make_project_engine(database_url)
             ^^^^^^^^^^^^^^^^^^^^^^^^^^^^^^^^^
app/db/session.py:20: in make_project_engine
    _guard_sqlite_in_production(url, "project")
_ _ _ _ _ _ _ _ _ _ _ _ _ _ _ _ _ _ _ _ _ _ _ _ _ _ _ _ _ _ _ _ _ _ _ _ _ _ _ _ 

url = 'sqlite:////tmp/pytest-of-lison/pytest-251/test_scenario_c_candidate_eval0/projects.sqlite3'
purpose = 'project'

    def _guard_sqlite_in_production(url: str, purpose: str) -> None:
        app_env = str(os.environ.get("APP_ENV") or os.environ.get("ENV") or os.environ.get("ZHAOPING_ENV") or "").lower()
        if app_env in {"production", "prod"} and url.startswith("sqlite") and os.environ.get("ALLOW_SQLITE_IN_PRODUCTION") != "1":
>           raise RuntimeError(
                f"SQLite is not allowed for {purpose} database in production. "
                "Set PROJECT_DATABASE_URL/TASK_DATABASE_URL to a PostgreSQL URL."
            )
E           RuntimeError: SQLite is not allowed for project database in production. Set PROJECT_DATABASE_URL/TASK_DATABASE_URL to a PostgreSQL URL.

app/db/session.py:36: RuntimeError
__________________ test_seed_project_mock_data_is_idempotent ___________________

tmp_path = PosixPath('/tmp/pytest-of-lison/pytest-251/test_seed_project_mock_data_is0')

    def test_seed_project_mock_data_is_idempotent(tmp_path) -> None:
        database_url = f"sqlite:///{tmp_path / 'projects.sqlite3'}"
    
>       first_summary = seed_project_mock_data(database_url)
                        ^^^^^^^^^^^^^^^^^^^^^^^^^^^^^^^^^^^^

tests/test_seed_db.py:16: 
_ _ _ _ _ _ _ _ _ _ _ _ _ _ _ _ _ _ _ _ _ _ _ _ _ _ _ _ _ _ _ _ _ _ _ _ _ _ _ _ 
scripts/seed_db.py:118: in seed_project_mock_data
    session_factory = make_project_session_factory(database_url)
                      ^^^^^^^^^^^^^^^^^^^^^^^^^^^^^^^^^^^^^^^^^^
app/db/session.py:63: in make_project_session_factory
    engine = make_project_engine(database_url)
             ^^^^^^^^^^^^^^^^^^^^^^^^^^^^^^^^^
app/db/session.py:20: in make_project_engine
    _guard_sqlite_in_production(url, "project")
_ _ _ _ _ _ _ _ _ _ _ _ _ _ _ _ _ _ _ _ _ _ _ _ _ _ _ _ _ _ _ _ _ _ _ _ _ _ _ _ 

url = 'sqlite:////tmp/pytest-of-lison/pytest-251/test_seed_project_mock_data_is0/projects.sqlite3'
purpose = 'project'

    def _guard_sqlite_in_production(url: str, purpose: str) -> None:
        app_env = str(os.environ.get("APP_ENV") or os.environ.get("ENV") or os.environ.get("ZHAOPING_ENV") or "").lower()
        if app_env in {"production", "prod"} and url.startswith("sqlite") and os.environ.get("ALLOW_SQLITE_IN_PRODUCTION") != "1":
>           raise RuntimeError(
                f"SQLite is not allowed for {purpose} database in production. "
                "Set PROJECT_DATABASE_URL/TASK_DATABASE_URL to a PostgreSQL URL."
            )
E           RuntimeError: SQLite is not allowed for project database in production. Set PROJECT_DATABASE_URL/TASK_DATABASE_URL to a PostgreSQL URL.

app/db/session.py:36: RuntimeError
____________ test_default_project_session_dependency_yields_session ____________

tmp_path = PosixPath('/tmp/pytest-of-lison/pytest-251/test_default_project_session_d0')
monkeypatch = <_pytest.monkeypatch.MonkeyPatch object at 0x7385ac530380>

    def test_default_project_session_dependency_yields_session(tmp_path, monkeypatch) -> None:
        monkeypatch.setenv("PROJECT_DATABASE_URL", f"sqlite:///{tmp_path / 'default.sqlite3'}")
        db_session.project_session_factory.cache_clear()
    
        generator = get_project_session()
        try:
>           session = next(generator)
                      ^^^^^^^^^^^^^^^

tests/test_seed_db.py:44: 
_ _ _ _ _ _ _ _ _ _ _ _ _ _ _ _ _ _ _ _ _ _ _ _ _ _ _ _ _ _ _ _ _ _ _ _ _ _ _ _ 
app/db/session.py:154: in get_project_session
    with project_session_factory()() as session:
         ^^^^^^^^^^^^^^^^^^^^^^^^^
app/db/session.py:150: in project_session_factory
    return make_project_session_factory()
           ^^^^^^^^^^^^^^^^^^^^^^^^^^^^^^
app/db/session.py:63: in make_project_session_factory
    engine = make_project_engine(database_url)
             ^^^^^^^^^^^^^^^^^^^^^^^^^^^^^^^^^
app/db/session.py:20: in make_project_engine
    _guard_sqlite_in_production(url, "project")
_ _ _ _ _ _ _ _ _ _ _ _ _ _ _ _ _ _ _ _ _ _ _ _ _ _ _ _ _ _ _ _ _ _ _ _ _ _ _ _ 

url = 'sqlite:////tmp/pytest-of-lison/pytest-251/test_default_project_session_d0/default.sqlite3'
purpose = 'project'

    def _guard_sqlite_in_production(url: str, purpose: str) -> None:
        app_env = str(os.environ.get("APP_ENV") or os.environ.get("ENV") or os.environ.get("ZHAOPING_ENV") or "").lower()
        if app_env in {"production", "prod"} and url.startswith("sqlite") and os.environ.get("ALLOW_SQLITE_IN_PRODUCTION") != "1":
>           raise RuntimeError(
                f"SQLite is not allowed for {purpose} database in production. "
                "Set PROJECT_DATABASE_URL/TASK_DATABASE_URL to a PostgreSQL URL."
            )
E           RuntimeError: SQLite is not allowed for project database in production. Set PROJECT_DATABASE_URL/TASK_DATABASE_URL to a PostgreSQL URL.

app/db/session.py:36: RuntimeError
=============================== warnings summary ===============================
.venv/lib/python3.12/site-packages/fastapi/testclient.py:1
  /home/lison/Desktop/zhaoping/.venv/lib/python3.12/site-packages/fastapi/testclient.py:1: StarletteDeprecationWarning: Using `httpx` with `starlette.testclient` is deprecated; install `httpx2` instead.
    from starlette.testclient import TestClient as TestClient  # noqa

-- Docs: https://docs.pytest.org/en/stable/how-to/capture-warnings.html
=========================== short test summary info ============================
FAILED tests/test_candidate_evaluation_task.py::test_scenario_c_candidate_evaluation_human_gate_updates_job_candidate
FAILED tests/test_seed_db.py::test_seed_project_mock_data_is_idempotent - Run...
FAILED tests/test_seed_db.py::test_default_project_session_dependency_yields_session
ERROR tests/test_candidate_lead_ingestion.py::test_scenario_b_awaiting_payload_contains_lead_preview
ERROR tests/test_candidate_lead_ingestion.py::test_scenario_b_reject_does_not_ingest_candidate_leads
ERROR tests/test_candidate_lead_ingestion.py::test_scenario_b_result_contains_lead_ingestion_and_increases_candidate_count
ERROR tests/test_candidate_search_scheduler.py::test_candidate_search_schedule_api_crud
ERROR tests/test_candidate_search_scheduler.py::test_candidate_search_scheduler_starts_due_b_task_and_ingests_leads
ERROR tests/test_candidate_search_scheduler.py::test_disabled_candidate_search_schedule_does_not_start_task
ERROR tests/test_json_workflow_engine.py::test_workflow_artifact_output_storage_keeps_large_payload_out_of_context
ERROR tests/test_json_workflow_engine.py::test_legacy_scenario_human_gate_releases_runner_and_confirm_resumes
ERROR tests/test_json_workflow_engine.py::test_workflows_run_api_creates_task
ERROR tests/test_json_workflow_engine.py::test_task_artifact_api_returns_registered_artifact_and_rejects_unsafe_paths
ERROR tests/test_json_workflow_engine.py::test_confirm_api_returns_safe_payload_for_json_workflow_fatal_exception
ERROR tests/test_json_workflow_engine.py::test_recruiting_custom_pipeline_json_fixture_validates_runs_and_resumes
ERROR tests/test_json_workflow_engine.py::test_json_workflow_human_gate_survives_store_restart_and_api_confirm_resumes
ERROR tests/test_json_workflow_engine.py::test_resume_and_jd_structured_extract_recover_dirty_json_and_type_errors
ERROR tests/test_json_workflow_engine.py::test_structured_extract_exhaustion_events_and_human_gate_payload_are_sanitized
ERROR tests/test_resume_ingestion.py::test_import_resume_to_project_reuses_candidate_lead_ingestion
ERROR tests/test_resume_ingestion.py::test_local_resume_import_api_creates_task_and_project_candidate
ERROR tests/test_resume_ingestion.py::test_project_resume_upload_saves_file_creates_task_and_project_candidate
ERROR tests/test_resume_ingestion.py::test_resume_import_task_does_not_hold_project_session_while_parsing_or_calling_llm
ERROR tests/test_resume_ingestion.py::test_resume_import_task_type_uses_task_store_without_scenario_plan
3 failed, 204 passed, 1 warning, 20 errors in 161.92s (0:02:41)
pytest_full_exit=1
