/home/lison/Desktop/zhaoping/app/core/workflow_dsl.py:21: UserWarning: Field name "schema" in "StepDefinition" shadows an attribute in parent "BaseModel"
  class StepDefinition(BaseModel):
{
  "openapi_path_count": 51,
  "openapi_method_endpoint_count": 52,
  "capabilityRegistry_path_count": 51,
  "active_ts_endpoint_count": 25,
  "active_ts_wrapper_endpoint_count": 26,
  "legacy_endpoint_count": 7,
  "backend_only_endpoint_count": 22,
  "registered_but_no_client_wrapper_count": 22,
  "missing_registry_count": 0,
  "stale_registry_count": 0,
  "category_counts": {
    "active_ts_productized": 25,
    "active_ts_wrapper_only": 1,
    "legacy_only": 4,
    "registered_only": 22
  },
  "compliance_review": {
    "method": "POST",
    "path": "/projects/{project_id}/candidates/{job_candidate_id}/compliance-review",
    "openapi_exists": true,
    "capabilityRegistry_exists": true,
    "active_ts_wrapper_exists": true,
    "active_ts_wrappers": [
      "confirmCandidateCompliance"
    ],
    "active_ts_page_uses": true,
    "active_ts_page_functions": [
      "confirmCandidateCompliance"
    ],
    "legacy_api_wrapper_exists": false,
    "legacy_api_wrappers": [],
    "legacy_page_uses": false,
    "legacy_page_functions": [],
    "category": "active_ts_productized",
    "risk": "P2"
  }
}
matrix written: /home/lison/Desktop/zhaoping/artifacts/e2e_evidence/openapi_registry_frontend_matrix.json
