$ git status --short
started_at=2026-06-09T10:49:36.923Z
finished_at=2026-06-09T10:49:36.938Z
exit_code=0
signal=
timed_out=false

## stdout
 M app/core/workflow_context.py
 M app/core/workflow_executor.py
 M frontend/src/pages/ProjectDetailPage.test.tsx
 M frontend/src/pages/ProjectDetailPage.tsx
 M tests/test_json_workflow_engine.py
?? artifacts/
?? test-results/
?? tests/fixtures/


## stderr
I2026-06-09 18:49:36.931353 instance.cpp:1394] Override Enabled Addons: {}
I2026-06-09 18:49:36.931392 instance.cpp:1395] Override Disabled Addons: {}
I2026-06-09 18:49:36.933594 addonmanager.cpp:191] Loaded addon xcb
I2026-06-09 18:49:36.934317 addonmanager.cpp:191] Loaded addon quickphrase
I2026-06-09 18:49:36.934382 addonmanager.cpp:191] Loaded addon imselector
I2026-06-09 18:49:36.936676 addonmanager.cpp:191] Loaded addon keyboard
E2026-06-09 18:49:36.937370 addonloader.cpp:61] Failed to create addon: dbus Unable to request dbus name. Is there another fcitx already running?
I2026-06-09 18:49:36.937389 addonmanager.cpp:188] Could not load addon dbus
I2026-06-09 18:49:36.937417 addonmanager.cpp:297] Unloading addon keyboard
I2026-06-09 18:49:36.937501 addonmanager.cpp:297] Unloading addon imselector
I2026-06-09 18:49:36.937516 addonmanager.cpp:297] Unloading addon quickphrase
I2026-06-09 18:49:36.937638 addonmanager.cpp:297] Unloading addon xcb
I2026-06-09 18:49:36.937648 inputcontextmanager.cpp:318] All display connections are gone, exit now.
