$ node --version
started_at=2026-06-09T10:49:36.953Z
finished_at=2026-06-09T10:49:36.969Z
exit_code=0
signal=
timed_out=false

## stdout
v24.16.0


## stderr
I2026-06-09 18:49:36.961038 instance.cpp:1394] Override Enabled Addons: {}
I2026-06-09 18:49:36.961081 instance.cpp:1395] Override Disabled Addons: {}
I2026-06-09 18:49:36.964149 addonmanager.cpp:191] Loaded addon xcb
I2026-06-09 18:49:36.965215 addonmanager.cpp:191] Loaded addon quickphrase
I2026-06-09 18:49:36.965297 addonmanager.cpp:191] Loaded addon imselector
I2026-06-09 18:49:36.967603 addonmanager.cpp:191] Loaded addon keyboard
E2026-06-09 18:49:36.968156 addonloader.cpp:61] Failed to create addon: dbus Unable to request dbus name. Is there another fcitx already running?
I2026-06-09 18:49:36.968175 addonmanager.cpp:188] Could not load addon dbus
I2026-06-09 18:49:36.968200 addonmanager.cpp:297] Unloading addon keyboard
I2026-06-09 18:49:36.968283 addonmanager.cpp:297] Unloading addon imselector
I2026-06-09 18:49:36.968297 addonmanager.cpp:297] Unloading addon quickphrase
I2026-06-09 18:49:36.968402 addonmanager.cpp:297] Unloading addon xcb
I2026-06-09 18:49:36.968412 inputcontextmanager.cpp:318] All display connections are gone, exit now.
