$ pnpm --dir artifacts/e2e_evidence/runner exec playwright --version
started_at=2026-06-09T10:49:37.224Z
finished_at=2026-06-09T10:49:37.748Z
exit_code=0
signal=
timed_out=false

## stdout
Version 1.60.0


## stderr
I2026-06-09 18:49:37.232590 instance.cpp:1394] Override Enabled Addons: {}
I2026-06-09 18:49:37.232635 instance.cpp:1395] Override Disabled Addons: {}
I2026-06-09 18:49:37.235270 addonmanager.cpp:191] Loaded addon xcb
I2026-06-09 18:49:37.236354 addonmanager.cpp:191] Loaded addon quickphrase
I2026-06-09 18:49:37.236475 addonmanager.cpp:191] Loaded addon imselector
I2026-06-09 18:49:37.240259 addonmanager.cpp:191] Loaded addon keyboard
E2026-06-09 18:49:37.241137 addonloader.cpp:61] Failed to create addon: dbus Unable to request dbus name. Is there another fcitx already running?
I2026-06-09 18:49:37.241154 addonmanager.cpp:188] Could not load addon dbus
I2026-06-09 18:49:37.241176 addonmanager.cpp:297] Unloading addon keyboard
I2026-06-09 18:49:37.241224 addonmanager.cpp:297] Unloading addon imselector
I2026-06-09 18:49:37.241233 addonmanager.cpp:297] Unloading addon quickphrase
I2026-06-09 18:49:37.241289 addonmanager.cpp:297] Unloading addon xcb
I2026-06-09 18:49:37.241296 inputcontextmanager.cpp:318] All display connections are gone, exit now.
