$ git rev-parse HEAD
started_at=2026-06-09T10:49:36.906Z
finished_at=2026-06-09T10:49:36.923Z
exit_code=0
signal=
timed_out=false

## stdout
cdc3e047dde5ac246fcba5c61baa421241ac5a98


## stderr
I2026-06-09 18:49:36.914485 instance.cpp:1394] Override Enabled Addons: {}
I2026-06-09 18:49:36.914523 instance.cpp:1395] Override Disabled Addons: {}
I2026-06-09 18:49:36.917534 addonmanager.cpp:191] Loaded addon xcb
I2026-06-09 18:49:36.918584 addonmanager.cpp:191] Loaded addon quickphrase
I2026-06-09 18:49:36.918693 addonmanager.cpp:191] Loaded addon imselector
I2026-06-09 18:49:36.922433 addonmanager.cpp:191] Loaded addon keyboard
E2026-06-09 18:49:36.923015 addonloader.cpp:61] Failed to create addon: dbus Unable to request dbus name. Is there another fcitx already running?
I2026-06-09 18:49:36.923027 addonmanager.cpp:188] Could not load addon dbus
I2026-06-09 18:49:36.923042 addonmanager.cpp:297] Unloading addon keyboard
I2026-06-09 18:49:36.923082 addonmanager.cpp:297] Unloading addon imselector
I2026-06-09 18:49:36.923089 addonmanager.cpp:297] Unloading addon quickphrase
I2026-06-09 18:49:36.923133 addonmanager.cpp:297] Unloading addon xcb
I2026-06-09 18:49:36.923140 inputcontextmanager.cpp:318] All display connections are gone, exit now.
