=== pnpm lint ===
$ eslint .
lint_exit=0
=== pnpm build ===
$ tsc -p tsconfig.json --noEmit && vite build
vite v8.0.14 building client environment for production...
[2Ktransforming...✓ 50 modules transformed.
rendering chunks...
computing gzip size...
dist/index.html                   0.48 kB │ gzip:   0.33 kB
dist/assets/index-C2JMeDXM.css   98.06 kB │ gzip:  17.71 kB
dist/assets/index-BHV20MqW.js   419.68 kB │ gzip: 122.79 kB

✓ built in 148ms
build_exit=0
=== pnpm test ===
$ vitest run

 RUN  v4.1.8 /home/lison/Desktop/zhaoping/frontend


 Test Files  9 passed (9)
      Tests  77 passed (77)
   Start at  12:43:35
   Duration  1.33s (transform 306ms, setup 0ms, import 693ms, tests 1.41s, environment 1.56s)

test_exit=0
