$ .venv/bin/python -m compileall app scripts tests
started_at=2026-06-09T10:49:42.314Z
finished_at=2026-06-09T10:49:42.340Z
exit_code=0
signal=
timed_out=false

## stdout
Listing 'app'...
Listing 'app/api'...
Listing 'app/api/routers'...
Listing 'app/core'...
Listing 'app/db'...
Listing 'app/models'...
Listing 'app/providers'...
Listing 'app/rag'...
Listing 'app/schemas'...
Listing 'app/skills'...
Listing 'scripts'...
Listing 'tests'...
Listing 'tests/fixtures'...
Listing 'tests/fixtures/json_workflows'...


## stderr
I2026-06-09 18:49:42.322316 instance.cpp:1394] Override Enabled Addons: {}
I2026-06-09 18:49:42.322362 instance.cpp:1395] Override Disabled Addons: {}
I2026-06-09 18:49:42.324965 addonmanager.cpp:191] Loaded addon xcb
I2026-06-09 18:49:42.326060 addonmanager.cpp:191] Loaded addon quickphrase
I2026-06-09 18:49:42.326183 addonmanager.cpp:191] Loaded addon imselector
I2026-06-09 18:49:42.330060 addonmanager.cpp:191] Loaded addon keyboard
E2026-06-09 18:49:42.330735 addonloader.cpp:61] Failed to create addon: dbus Unable to request dbus name. Is there another fcitx already running?
I2026-06-09 18:49:42.330748 addonmanager.cpp:188] Could not load addon dbus
I2026-06-09 18:49:42.330763 addonmanager.cpp:297] Unloading addon keyboard
I2026-06-09 18:49:42.330802 addonmanager.cpp:297] Unloading addon imselector
I2026-06-09 18:49:42.330812 addonmanager.cpp:297] Unloading addon quickphrase
I2026-06-09 18:49:42.330859 addonmanager.cpp:297] Unloading addon xcb
I2026-06-09 18:49:42.330866 inputcontextmanager.cpp:318] All display connections are gone, exit now.
