{
  "apiBase": "http://127.0.0.1:8011/api",
  "beforeCandidateTotal": "7",
  "afterCandidateTotal": "8",
  "scenarioBTaskId": "d590fea40d75",
  "scenarioBLeadIngestion": null,
  "created": {
    "taskIds": [
      "84ea2cbeacb1",
      "3c69565bd48a"
    ],
    "segmentIds": [
      "segment_767d246a8128"
    ],
    "scheduleJobIds": [
      "job_vla_algorithm"
    ],
    "reportIds": []
  },
  "cleanup": {
    "scheduleDisabledJobIds": [
      "job_vla_algorithm"
    ]
  }
}
written: /home/lison/Desktop/zhaoping/artifacts/e2e_evidence/supplemental-api-probes-v4.json
