$ pnpm --dir artifacts/e2e_evidence/runner exec node e2e-runner.mjs
started_at=2026-06-09T10:50:04.606Z
finished_at=2026-06-09T10:51:16.475Z
exit_code=0
signal=
timed_out=false

## stdout
E2E evidence report written to /home/lison/Desktop/zhaoping/artifacts/e2e_evidence/e2e-report.md
PASS=10 FAIL=0


## stderr
I2026-06-09 18:50:04.615302 instance.cpp:1394] Override Enabled Addons: {}
I2026-06-09 18:50:04.615347 instance.cpp:1395] Override Disabled Addons: {}
I2026-06-09 18:50:04.617774 addonmanager.cpp:191] Loaded addon xcb
I2026-06-09 18:50:04.618500 addonmanager.cpp:191] Loaded addon quickphrase
I2026-06-09 18:50:04.618569 addonmanager.cpp:191] Loaded addon imselector
I2026-06-09 18:50:04.620881 addonmanager.cpp:191] Loaded addon keyboard
E2026-06-09 18:50:04.621481 addonloader.cpp:61] Failed to create addon: dbus Unable to request dbus name. Is there another fcitx already running?
I2026-06-09 18:50:04.621501 addonmanager.cpp:188] Could not load addon dbus
I2026-06-09 18:50:04.621532 addonmanager.cpp:297] Unloading addon keyboard
I2026-06-09 18:50:04.621643 addonmanager.cpp:297] Unloading addon imselector
I2026-06-09 18:50:04.621659 addonmanager.cpp:297] Unloading addon quickphrase
I2026-06-09 18:50:04.621843 addonmanager.cpp:297] Unloading addon xcb
I2026-06-09 18:50:04.621855 inputcontextmanager.cpp:318] All display connections are gone, exit now.
