{
  "reportPath": "/home/lison/Desktop/zhaoping/artifacts/e2e_evidence/e2e_project_detail_report.json",
  "status": "PASS",
  "flows": [
    {
      "name": "岗位分析：scenario A task/SSE + task control",
      "status": "PASS"
    },
    {
      "name": "找候选人：scenario B task/SSE",
      "status": "PASS"
    },
    {
      "name": "候选人评估 + 任务 HumanGate 确认",
      "status": "PASS"
    },
    {
      "name": "招聘周报：scenario D task/SSE + HumanGate + 持久化",
      "status": "PASS"
    },
    {
      "name": "人群筛选闭环：后端查询 + 保存能力门控",
      "status": "LIMITED"
    },
    {
      "name": "邮件触达闭环：后端草稿 + 人工确认 + 模拟发送记录",
      "status": "PASS"
    },
    {
      "name": "岗位匹配 UI：真实 /jobs/match 结果",
      "status": "PASS"
    }
  ]
}
